{
  "0 debug pnpm:scope": {
    "selected": 1
  },
  "1 error pnpm": {
    "code": "ELIFECYCLE",
    "errno": "ENOENT",
    "syscall": "spawn",
    "file": "sh",
    "pkgid": "sveltemeacoffee@0.0.1",
    "stage": "dev",
    "script": "svelte-kit dev",
    "pkgname": "sveltemeacoffee",
    "err": {
      "name": "pnpm",
      "message": "sveltemeacoffee@0.0.1 dev: `svelte-kit dev`\nspawn ENOENT",
      "code": "ELIFECYCLE",
      "stack": "pnpm: sveltemeacoffee@0.0.1 dev: `svelte-kit dev`\nspawn ENOENT\n    at ChildProcess.<anonymous> (/home/sam/.config/nvm/versions/node/v16.10.0/lib/node_modules/pnpm/dist/pnpm.cjs:93535:22)\n    at ChildProcess.emit (node:events:390:28)\n    at maybeClose (node:internal/child_process:1064:16)\n    at Process.ChildProcess._handle.onexit (node:internal/child_process:301:5)"
    }
  },
  "2 warn pnpm:global": " Local package.json exists, but node_modules missing, did you mean to install?"
}